#
# There is insufficient memory for the Java Runtime Environment to continue.
# Native memory allocation (malloc) failed to allocate 32744 bytes for ChunkPool::allocate
# Possible reasons:
#   The system is out of physical RAM or swap space
#   In 32 bit mode, the process size limit was hit
# Possible solutions:
#   Reduce memory load on the system
#   Increase physical memory or swap space
#   Check if swap backing store is full
#   Use 64 bit Java on a 64 bit OS
#   Decrease Java heap size (-Xmx/-Xms)
#   Decrease number of Java threads
#   Decrease Java thread stack sizes (-Xss)
#   Set larger code cache with -XX:ReservedCodeCacheSize=
# This output file may be truncated or incomplete.
#
#  Out of Memory Error (allocation.cpp:273), pid=19872, tid=0x0000000000005034
#
# JRE version: Java(TM) SE Runtime Environment (8.0_102-b14) (build 1.8.0_102-b14)
# Java VM: Java HotSpot(TM) 64-Bit Server VM (25.102-b14 mixed mode windows-amd64 compressed oops)
# Failed to write core dump. Minidumps are not enabled by default on client versions of Windows
#

---------------  T H R E A D  ---------------

Current thread (0x00000000587f3000):  JavaThread "C2 CompilerThread0" daemon [_thread_in_native, id=20532, stack(0x0000000058ef0000,0x0000000058ff0000)]

Stack: [0x0000000058ef0000,0x0000000058ff0000]
[error occurred during error reporting (printing stack bounds), id 0xc0000005]

Native frames: (J=compiled Java code, j=interpreted, Vv=VM code, C=native code)


Current CompileTask:
C2:   9021  934       4       sun.font.TrueTypeFont::initNames (370 bytes)


---------------  P R O C E S S  ---------------

Java Threads: ( => current thread )
  0x0000000059a6d000 JavaThread "TimerQueue" daemon [_thread_blocked, id=20588, stack(0x000000005bd50000,0x000000005be50000)]
  0x00000000596c8000 JavaThread "Abandoned connection cleanup thread" daemon [_thread_blocked, id=20576, stack(0x000000005a220000,0x000000005a320000)]
  0x00000000022cf800 JavaThread "DestroyJavaVM" [_thread_blocked, id=20492, stack(0x0000000002580000,0x0000000002680000)]
  0x0000000059600800 JavaThread "AWT-Windows" daemon [_thread_in_native, id=20560, stack(0x000000005a380000,0x000000005a480000)]
  0x00000000595fe000 JavaThread "AWT-Shutdown" [_thread_blocked, id=20556, stack(0x000000005a110000,0x000000005a210000)]
  0x00000000595f7800 JavaThread "Java2D Disposer" daemon [_thread_blocked, id=20552, stack(0x0000000059f40000,0x000000005a040000)]
  0x000000005886e800 JavaThread "Service Thread" daemon [_thread_blocked, id=20544, stack(0x00000000592f0000,0x00000000593f0000)]
  0x00000000587fb800 JavaThread "C1 CompilerThread2" daemon [_thread_blocked, id=20540, stack(0x0000000059000000,0x0000000059100000)]
  0x00000000587fa800 JavaThread "C2 CompilerThread1" daemon [_thread_in_native, id=20536, stack(0x0000000059180000,0x0000000059280000)]
=>0x00000000587f3000 JavaThread "C2 CompilerThread0" daemon [_thread_in_native, id=20532, stack(0x0000000058ef0000,0x0000000058ff0000)]
  0x00000000587f0800 JavaThread "Attach Listener" daemon [_thread_blocked, id=20528, stack(0x0000000058c20000,0x0000000058d20000)]
  0x0000000057685800 JavaThread "Signal Dispatcher" daemon [_thread_blocked, id=20524, stack(0x0000000058da0000,0x0000000058ea0000)]
  0x000000005766c800 JavaThread "Finalizer" daemon [_thread_blocked, id=20520, stack(0x00000000583a0000,0x00000000584a0000)]
  0x0000000057625800 JavaThread "Reference Handler" daemon [_thread_blocked, id=20516, stack(0x0000000058630000,0x0000000058730000)]

Other Threads:
  0x000000005761e800 VMThread [stack: 0x00000000584c0000,0x00000000585c0000] [id=20512]
  0x0000000058830000 WatcherThread [stack: 0x0000000059420000,0x0000000059520000] [id=20548]

VM state:not at safepoint (normal execution)

VM Mutex/Monitor currently owned by a thread: None

Heap:
 PSYoungGen      total 38400K, used 26765K [0x00000000d5d00000, 0x00000000d8780000, 0x0000000100000000)
  eden space 33280K, 80% used [0x00000000d5d00000,0x00000000d7723708,0x00000000d7d80000)
  from space 5120K, 0% used [0x00000000d8280000,0x00000000d8280000,0x00000000d8780000)
  to   space 5120K, 0% used [0x00000000d7d80000,0x00000000d7d80000,0x00000000d8280000)
 ParOldGen       total 87552K, used 0K [0x0000000081600000, 0x0000000086b80000, 0x00000000d5d00000)
  object space 87552K, 0% used [0x0000000081600000,0x0000000081600000,0x0000000086b80000)
 Metaspace       used 14606K, capacity 14798K, committed 14976K, reserved 1064960K
  class space    used 1787K, capacity 1863K, committed 1920K, reserved 1048576K

Card table byte_map: [0x0000000011d10000,0x0000000012110000] byte_map_base: 0x0000000011905000

Marking Bits: (ParMarkBitMap*) 0x00000000609aa6c0
 Begin Bits: [0x0000000012940000, 0x00000000148e8000)
 End Bits:   [0x00000000148e8000, 0x0000000016890000)

Polling page: 0x0000000001c60000

CodeCache: size=245760Kb used=3518Kb max_used=3521Kb free=242241Kb
 bounds [0x0000000002950000, 0x0000000002cd0000, 0x0000000011950000]
 total_blobs=1491 nmethods=958 adapters=446
 compilation: enabled

Compilation events (10 events):
Event: 7.321 Thread 0x00000000587fa800 nmethod 929 0x0000000002cb0390 code [0x0000000002cb0500, 0x0000000002cb09f8]
Event: 7.422 Thread 0x00000000587fb800  930       3       sun.font.FontFamily::<init> (45 bytes)
Event: 7.422 Thread 0x00000000587fb800 nmethod 930 0x0000000002cafc50 code [0x0000000002cafde0, 0x0000000002cb01d8]
Event: 7.459 Thread 0x00000000587fb800  931       1       sun.nio.cs.UnicodeDecoder::implReset (9 bytes)
Event: 7.459 Thread 0x00000000587fb800 nmethod 931 0x0000000002ca7b50 code [0x0000000002ca7ca0, 0x0000000002ca7db0]
Event: 7.493 Thread 0x00000000587f3000  932       4       java.nio.channels.spi.AbstractInterruptibleChannel::end (50 bytes)
Event: 7.499 Thread 0x00000000587f3000 nmethod 932 0x0000000002cae150 code [0x0000000002cae2a0, 0x0000000002cae558]
Event: 8.187 Thread 0x00000000587fa800  933       4       java.nio.ByteBuffer::<init> (45 bytes)
Event: 8.191 Thread 0x00000000587fa800 nmethod 933 0x0000000002cadb10 code [0x0000000002cadc60, 0x0000000002cade78]
Event: 8.410 Thread 0x00000000587f3000  934       4       sun.font.TrueTypeFont::initNames (370 bytes)

GC Heap History (0 events):
No events

Deoptimization events (10 events):
Event: 0.842 Thread 0x000000005965a800 Uncommon trap: reason=unstable_if action=reinterpret pc=0x0000000002b3272c method=java.util.Properties$LineReader.readLine()I @ 252
Event: 0.851 Thread 0x000000005965a800 Uncommon trap: reason=bimorphic action=maybe_recompile pc=0x0000000002b62dd0 method=java.util.HashMap.putVal(ILjava/lang/Object;Ljava/lang/Object;ZZ)Ljava/lang/Object; @ 152
Event: 0.864 Thread 0x000000005965a800 Uncommon trap: reason=unstable_if action=reinterpret pc=0x0000000002b76b24 method=java.util.Properties$LineReader.readLine()I @ 174
Event: 0.968 Thread 0x000000005965a800 Uncommon trap: reason=unstable_if action=reinterpret pc=0x0000000002b8f980 method=java.util.HashMap.getNode(ILjava/lang/Object;)Ljava/util/HashMap$Node; @ 84
Event: 0.968 Thread 0x000000005965a800 Uncommon trap: reason=unstable_if action=reinterpret pc=0x0000000002b62d9c method=java.util.HashMap.putVal(ILjava/lang/Object;Ljava/lang/Object;ZZ)Ljava/lang/Object; @ 109
Event: 1.623 Thread 0x000000005965a800 Uncommon trap: reason=unstable_if action=reinterpret pc=0x0000000002b3c040 method=java.lang.CharacterData.of(I)Ljava/lang/CharacterData; @ 4
Event: 4.542 Thread 0x000000005965a800 Uncommon trap: reason=class_check action=maybe_recompile pc=0x0000000002add398 method=java.lang.String.equals(Ljava/lang/Object;)Z @ 8
Event: 4.542 Thread 0x000000005965a800 Uncommon trap: reason=class_check action=maybe_recompile pc=0x0000000002add398 method=java.lang.String.equals(Ljava/lang/Object;)Z @ 8
Event: 4.542 Thread 0x000000005965a800 Uncommon trap: reason=class_check action=maybe_recompile pc=0x0000000002add398 method=java.lang.String.equals(Ljava/lang/Object;)Z @ 8
Event: 4.542 Thread 0x000000005965a800 Uncommon trap: reason=class_check action=maybe_recompile pc=0x0000000002add398 method=java.lang.String.equals(Ljava/lang/Object;)Z @ 8

Internal exceptions (10 events):
Event: 0.375 Thread 0x00000000022cf800 Exception <a 'java/lang/ClassNotFoundException': ToolBar> (0x00000000d611b8b8) thrown at [C:\re\workspace\8-2-build-windows-amd64-cygwin\jdk8u102\7268\hotspot\src\share\vm\classfile\systemDictionary.cpp, line 210]
Event: 0.375 Thread 0x00000000022cf800 Exception <a 'java/lang/ClassNotFoundException': ToggleButton> (0x00000000d611be68) thrown at [C:\re\workspace\8-2-build-windows-amd64-cygwin\jdk8u102\7268\hotspot\src\share\vm\classfile\systemDictionary.cpp, line 210]
Event: 0.375 Thread 0x00000000022cf800 Exception <a 'java/lang/ClassNotFoundException': javax/swing/JToolBarSeparator> (0x00000000d611c2c8) thrown at [C:\re\workspace\8-2-build-windows-amd64-cygwin\jdk8u102\7268\hotspot\src\share\vm\classfile\systemDictionary.cpp, line 210]
Event: 0.375 Thread 0x00000000022cf800 Exception <a 'java/lang/ClassNotFoundException': ToolBarSeparator> (0x00000000d611c760) thrown at [C:\re\workspace\8-2-build-windows-amd64-cygwin\jdk8u102\7268\hotspot\src\share\vm\classfile\systemDictionary.cpp, line 210]
Event: 0.376 Thread 0x00000000022cf800 Exception <a 'java/lang/ClassNotFoundException': ToolTip> (0x00000000d611cea0) thrown at [C:\re\workspace\8-2-build-windows-amd64-cygwin\jdk8u102\7268\hotspot\src\share\vm\classfile\systemDictionary.cpp, line 210]
Event: 0.376 Thread 0x00000000022cf800 Exception <a 'java/lang/ClassNotFoundException': Tree> (0x00000000d611dac0) thrown at [C:\re\workspace\8-2-build-windows-amd64-cygwin\jdk8u102\7268\hotspot\src\share\vm\classfile\systemDictionary.cpp, line 210]
Event: 0.376 Thread 0x00000000022cf800 Exception <a 'java/lang/ClassNotFoundException': Tree> (0x00000000d611e200) thrown at [C:\re\workspace\8-2-build-windows-amd64-cygwin\jdk8u102\7268\hotspot\src\share\vm\classfile\systemDictionary.cpp, line 210]
Event: 0.376 Thread 0x00000000022cf800 Exception <a 'java/lang/ClassNotFoundException': javax/swing/JTreeCell> (0x00000000d611e580) thrown at [C:\re\workspace\8-2-build-windows-amd64-cygwin\jdk8u102\7268\hotspot\src\share\vm\classfile\systemDictionary.cpp, line 210]
Event: 0.376 Thread 0x00000000022cf800 Exception <a 'java/lang/ClassNotFoundException': TreeCell> (0x00000000d611ea08) thrown at [C:\re\workspace\8-2-build-windows-amd64-cygwin\jdk8u102\7268\hotspot\src\share\vm\classfile\systemDictionary.cpp, line 210]
Event: 0.377 Thread 0x00000000022cf800 Exception <a 'java/lang/ClassNotFoundException': RootPane> (0x00000000d611f468) thrown at [C:\re\workspace\8-2-build-windows-amd64-cygwin\jdk8u102\7268\hotspot\src\share\vm\classfile\systemDictionary.cpp, line 210]

Events (10 events):
Event: 4.542 Thread 0x000000005965a800 DEOPT PACKING pc=0x0000000002add398 sp=0x000000005afbb820
Event: 4.542 Thread 0x000000005965a800 DEOPT UNPACKING pc=0x000000000299582a sp=0x000000005afbb7b0 mode 2
Event: 4.542 Thread 0x000000005965a800 Uncommon trap: trap_request=0xffffffde fr.pc=0x0000000002add398
Event: 4.542 Thread 0x000000005965a800 DEOPT PACKING pc=0x0000000002add398 sp=0x000000005afbb820
Event: 4.542 Thread 0x000000005965a800 DEOPT UNPACKING pc=0x000000000299582a sp=0x000000005afbb7b0 mode 2
Event: 4.542 Thread 0x000000005965a800 Uncommon trap: trap_request=0xffffffde fr.pc=0x0000000002add398
Event: 4.542 Thread 0x000000005965a800 DEOPT PACKING pc=0x0000000002add398 sp=0x000000005afbb820
Event: 4.542 Thread 0x000000005965a800 DEOPT UNPACKING pc=0x000000000299582a sp=0x000000005afbb7b0 mode 2
Event: 4.552 loading class sun/font/SunFontManager$11
Event: 4.552 loading class sun/font/SunFontManager$11 done


Dynamic libraries:
0x000000013f9c0000 - 0x000000013f9f7000 	C:\Program Files\Java\jdk1.8.0_102\bin\java.exe
0x0000000077250000 - 0x00000000773fa000 	C:\Windows\SYSTEM32\ntdll.dll
0x0000000077130000 - 0x000000007724f000 	C:\Windows\system32\kernel32.dll
0x000007fefd280000 - 0x000007fefd2ea000 	C:\Windows\system32\KERNELBASE.dll
0x000007fefdba0000 - 0x000007fefdc7b000 	C:\Windows\system32\ADVAPI32.dll
0x000007fefe030000 - 0x000007fefe0cf000 	C:\Windows\system32\msvcrt.dll
0x000007fefd520000 - 0x000007fefd53f000 	C:\Windows\SYSTEM32\sechost.dll
0x000007feff430000 - 0x000007feff55d000 	C:\Windows\system32\RPCRT4.dll
0x0000000077030000 - 0x000000007712a000 	C:\Windows\system32\USER32.dll
0x000007fefd3a0000 - 0x000007fefd407000 	C:\Windows\system32\GDI32.dll
0x000007fefe3c0000 - 0x000007fefe3ce000 	C:\Windows\system32\LPK.dll
0x000007fefd750000 - 0x000007fefd81a000 	C:\Windows\system32\USP10.dll
0x000007fefb930000 - 0x000007fefbb24000 	C:\Windows\WinSxS\amd64_microsoft.windows.common-controls_6595b64144ccf1df_6.0.7601.18837_none_fa3b1e3d17594757\COMCTL32.dll
0x000007fefd850000 - 0x000007fefd8c1000 	C:\Windows\system32\SHLWAPI.dll
0x000007fefd820000 - 0x000007fefd84e000 	C:\Windows\system32\IMM32.DLL
0x000007fefd410000 - 0x000007fefd519000 	C:\Windows\system32\MSCTF.dll
0x00000000611f0000 - 0x00000000612c1000 	C:\Program Files\Java\jdk1.8.0_102\jre\bin\msvcr100.dll
0x0000000060190000 - 0x0000000060a2a000 	C:\Program Files\Java\jdk1.8.0_102\jre\bin\server\jvm.dll
0x000007fef96f0000 - 0x000007fef96f9000 	C:\Windows\system32\WSOCK32.dll
0x000007feff340000 - 0x000007feff38d000 	C:\Windows\system32\WS2_32.dll
0x000007fefdd20000 - 0x000007fefdd28000 	C:\Windows\system32\NSI.dll
0x000007fefa8b0000 - 0x000007fefa8eb000 	C:\Windows\system32\WINMM.dll
0x000007fefbfc0000 - 0x000007fefbfcc000 	C:\Windows\system32\VERSION.dll
0x0000000077410000 - 0x0000000077417000 	C:\Windows\system32\PSAPI.DLL
0x000000006f590000 - 0x000000006f59f000 	C:\Program Files\Java\jdk1.8.0_102\jre\bin\verify.dll
0x000000006ed10000 - 0x000000006ed39000 	C:\Program Files\Java\jdk1.8.0_102\jre\bin\java.dll
0x000000006ee60000 - 0x000000006ee76000 	C:\Program Files\Java\jdk1.8.0_102\jre\bin\zip.dll
0x000007fefe5b0000 - 0x000007feff33c000 	C:\Windows\system32\SHELL32.dll
0x000007fefd540000 - 0x000007fefd743000 	C:\Windows\system32\ole32.dll
0x000007fefcf80000 - 0x000007fefcf8f000 	C:\Windows\system32\profapi.dll
0x0000000061050000 - 0x00000000611e8000 	C:\Program Files\Java\jdk1.8.0_102\jre\bin\awt.dll
0x000007fefe260000 - 0x000007fefe33a000 	C:\Windows\system32\OLEAUT32.dll
0x000007fefb850000 - 0x000007fefb8a6000 	C:\Windows\system32\uxtheme.dll
0x000007fefb160000 - 0x000007fefb178000 	C:\Windows\system32\dwmapi.dll
0x000007fefce20000 - 0x000007fefce2f000 	C:\Windows\system32\CRYPTBASE.dll
0x0000000065ec0000 - 0x0000000065f07000 	C:\Program Files\Java\jdk1.8.0_102\jre\bin\fontmanager.dll
0x000000006eb00000 - 0x000000006eb1a000 	C:\Program Files\Java\jdk1.8.0_102\jre\bin\net.dll
0x000007fefc720000 - 0x000007fefc775000 	C:\Windows\system32\mswsock.dll
0x000007fefc710000 - 0x000007fefc717000 	C:\Windows\System32\wship6.dll
0x000007fefc090000 - 0x000007fefc097000 	C:\Windows\System32\wshtcpip.dll
0x000007fefc5a0000 - 0x000007fefc5fb000 	C:\Windows\system32\DNSAPI.dll
0x0000000071eb0000 - 0x0000000071ed6000 	C:\Program Files\Bonjour\mdnsNSP.dll
0x000007fefa480000 - 0x000007fefa4a7000 	C:\Windows\system32\Iphlpapi.DLL
0x000007fefa460000 - 0x000007fefa46b000 	C:\Windows\system32\WINNSI.DLL
0x0000000063560000 - 0x0000000063569000 	C:\Program Files\National Instruments\Shared\mDNS Responder\nimdnsNSP.dll
0x0000000063550000 - 0x000000006355e000 	C:\Windows\system32\nimdnsResponder.dll
0x0000000071ba0000 - 0x0000000071c43000 	C:\Windows\WinSxS\amd64_microsoft.vc90.crt_1fc8b3b9a1e18e3b_9.0.30729.6161_none_08e61857a83bc251\MSVCR90.dll
0x000007fef1100000 - 0x000007fef112f000 	C:\Program Files\Common Files\Microsoft Shared\Windows Live\WLIDNSP.DLL
0x000007fef10f0000 - 0x000007fef10f8000 	C:\Windows\system32\rasadhlp.dll
0x000007fefa320000 - 0x000007fefa373000 	C:\Windows\System32\fwpuclnt.dll
0x000000006e820000 - 0x000000006e831000 	C:\Program Files\Java\jdk1.8.0_102\jre\bin\nio.dll
0x0000000065e70000 - 0x0000000065eb2000 	C:\Program Files\Java\jdk1.8.0_102\jre\bin\t2k.dll

VM Arguments:
jvm_args: -Dfile.encoding=UTF-8 
java_command: ServerSide.ServerGUI
java_class_path (initial): H:\Software Design\Hyatt\mysql-connector-java-5.1.40-bin.jar;C:\Program Files\NetBeans 8.1\java\modules\ext\AbsoluteLayout.jar;H:\Software Design\Hyatt\build\classes
Launcher Type: SUN_STANDARD

Environment Variables:
PATH=C:\Program Files (x86)\NVIDIA Corporation\PhysX\Common;C:\Program Files\Common Files\Microsoft Shared\Windows Live;C:\Program Files (x86)\Common Files\Microsoft Shared\Windows Live;C:\ProgramData\Oracle\Java\javapath;C:\Windows\system32;C:\Windows;C:\Windows\System32\Wbem;C:\Windows\System32\WindowsPowerShell\v1.0\;C:\Program Files\MATLAB\R2016a\runtime\win64;C:\Program Files\MATLAB\R2016a\bin;C:\Program Files (x86)\Windows Live\Shared;C:\Program Files\IBM\SPSS\Statistics\24\JRE\bin;C:\Windows\system32\config\systemprofile\.dnx\bin;C:\Program Files\Microsoft DNX\Dnvm\;C:\Program Files (x86)\Windows Kits\8.1\Windows Performance Toolkit\;C:\Program Files\Microsoft SQL Server\130\Tools\Binn\;C:\Program Files\Common Files\Autodesk Shared\;C:\Program Files\Microsoft SQL Server\Client SDK\ODBC\110\Tools\Binn\;C:\Program Files (x86)\Microsoft SQL Server\120\Tools\Binn\;C:\Program Files\Microsoft SQL Server\120\Tools\Binn\;C:\Program Files\Microsoft SQL Server\120\DTS\Binn\;C:\Windows\System32\WindowsPowerShell\v1.0\;C:\Windows\System32\WindowsPowerShell\v1.0\
USERNAME=norman3
OS=Windows_NT
PROCESSOR_IDENTIFIER=Intel64 Family 6 Model 60 Stepping 3, GenuineIntel



---------------  S Y S T E M  ---------------

OS: Windows 7 , 64 bit Build 7601 (6.1.7601.23569)

CPU:total 4 (4 cores per cpu, 1 threads per core) family 6 model 60 stepping 3, cmov, cx8, fxsr, mmx, sse, sse2, sse3, ssse3, sse4.1, sse4.2, popcnt, avx, avx2, aes, clmul, erms, lzcnt, tsc, tscinvbit, bmi1, bmi2

Memory: 4k page, physical 8292708k(2280596k free), swap 33168972k(5132k free)

vm_info: Java HotSpot(TM) 64-Bit Server VM (25.102-b14) for windows-amd64 JRE (1.8.0_102-b14), built on Jun 22 2016 13:15:21 by "java_re" with MS VC++ 10.0 (VS2010)

time: Tue Dec 06 14:55:18 2016
elapsed time: 9 seconds (0d 0h 0m 9s)

