#
# There is insufficient memory for the Java Runtime Environment to continue.
# Native memory allocation (malloc) failed to allocate 253136 bytes for Chunk::new
# Possible reasons:
#   The system is out of physical RAM or swap space
#   In 32 bit mode, the process size limit was hit
# Possible solutions:
#   Reduce memory load on the system
#   Increase physical memory or swap space
#   Check if swap backing store is full
#   Use 64 bit Java on a 64 bit OS
#   Decrease Java heap size (-Xmx/-Xms)
#   Decrease number of Java threads
#   Decrease Java thread stack sizes (-Xss)
#   Set larger code cache with -XX:ReservedCodeCacheSize=
# This output file may be truncated or incomplete.
#
#  Out of Memory Error (allocation.cpp:390), pid=20644, tid=0x0000000000005014
#
# JRE version: Java(TM) SE Runtime Environment (8.0_102-b14) (build 1.8.0_102-b14)
# Java VM: Java HotSpot(TM) 64-Bit Server VM (25.102-b14 mixed mode windows-amd64 compressed oops)
# Failed to write core dump. Minidumps are not enabled by default on client versions of Windows
#

---------------  T H R E A D  ---------------

Current thread (0x0000000058a73000):  JavaThread "C2 CompilerThread0" daemon [_thread_in_native, id=20500, stack(0x0000000059190000,0x0000000059290000)]

Stack: [0x0000000059190000,0x0000000059290000]
[error occurred during error reporting (printing stack bounds), id 0xc0000005]

Native frames: (J=compiled Java code, j=interpreted, Vv=VM code, C=native code)


Current CompileTask:
C2:   4741  957   !   4       sun.font.TrueTypeFont::getTableBuffer (199 bytes)


---------------  P R O C E S S  ---------------

Java Threads: ( => current thread )
  0x0000000059b38800 JavaThread "TimerQueue" daemon [_thread_blocked, id=20556, stack(0x000000005bad0000,0x000000005bbd0000)]
  0x0000000059870000 JavaThread "Abandoned connection cleanup thread" daemon [_thread_blocked, id=20548, stack(0x000000005a3b0000,0x000000005a4b0000)]
  0x000000000222f800 JavaThread "DestroyJavaVM" [_thread_blocked, id=20412, stack(0x00000000023e0000,0x00000000024e0000)]
  0x0000000059801800 JavaThread "AWT-EventQueue-0" [_thread_in_vm, id=20544, stack(0x000000005ae60000,0x000000005af60000)]
  0x00000000597a9000 JavaThread "AWT-Windows" daemon [_thread_in_native, id=20540, stack(0x000000005a190000,0x000000005a290000)]
  0x00000000597a7000 JavaThread "AWT-Shutdown" [_thread_blocked, id=20536, stack(0x000000005a290000,0x000000005a390000)]
  0x00000000597a5800 JavaThread "Java2D Disposer" daemon [_thread_blocked, id=20528, stack(0x0000000059fe0000,0x000000005a0e0000)]
  0x0000000058af2800 JavaThread "Service Thread" daemon [_thread_blocked, id=20512, stack(0x00000000596a0000,0x00000000597a0000)]
  0x0000000058a7b800 JavaThread "C1 CompilerThread2" daemon [_thread_blocked, id=20508, stack(0x00000000594b0000,0x00000000595b0000)]
  0x0000000058a7a800 JavaThread "C2 CompilerThread1" daemon [_thread_in_native, id=20504, stack(0x00000000592c0000,0x00000000593c0000)]
=>0x0000000058a73000 JavaThread "C2 CompilerThread0" daemon [_thread_in_native, id=20500, stack(0x0000000059190000,0x0000000059290000)]
  0x0000000058a70800 JavaThread "Attach Listener" daemon [_thread_blocked, id=20496, stack(0x0000000058840000,0x0000000058940000)]
  0x00000000576b7800 JavaThread "Signal Dispatcher" daemon [_thread_blocked, id=20492, stack(0x0000000058f50000,0x0000000059050000)]
  0x000000005769d000 JavaThread "Finalizer" daemon [_thread_blocked, id=19516, stack(0x0000000058970000,0x0000000058a70000)]
  0x0000000057656000 JavaThread "Reference Handler" daemon [_thread_blocked, id=19156, stack(0x00000000586e0000,0x00000000587e0000)]

Other Threads:
  0x000000005764e800 VMThread [stack: 0x00000000584d0000,0x00000000585d0000] [id=19676]
  0x0000000058b16000 WatcherThread [stack: 0x0000000059050000,0x0000000059150000] [id=20524]

VM state:not at safepoint (normal execution)

VM Mutex/Monitor currently owned by a thread: None

Heap:
 PSYoungGen      total 38400K, used 24769K [0x00000000d5d00000, 0x00000000d8780000, 0x0000000100000000)
  eden space 33280K, 74% used [0x00000000d5d00000,0x00000000d7530490,0x00000000d7d80000)
  from space 5120K, 0% used [0x00000000d8280000,0x00000000d8280000,0x00000000d8780000)
  to   space 5120K, 0% used [0x00000000d7d80000,0x00000000d7d80000,0x00000000d8280000)
 ParOldGen       total 87552K, used 0K [0x0000000081600000, 0x0000000086b80000, 0x00000000d5d00000)
  object space 87552K, 0% used [0x0000000081600000,0x0000000081600000,0x0000000086b80000)
 Metaspace       used 14606K, capacity 14794K, committed 14976K, reserved 1062912K
  class space    used 1787K, capacity 1863K, committed 1920K, reserved 1048576K

Card table byte_map: [0x0000000011b70000,0x0000000011f70000] byte_map_base: 0x0000000011765000

Marking Bits: (ParMarkBitMap*) 0x00000000609aa6c0
 Begin Bits: [0x0000000012970000, 0x0000000014918000)
 End Bits:   [0x0000000014918000, 0x00000000168c0000)

Polling page: 0x0000000001c60000

CodeCache: size=245760Kb used=3502Kb max_used=3506Kb free=242257Kb
 bounds [0x00000000027b0000, 0x0000000002b20000, 0x00000000117b0000]
 total_blobs=1490 nmethods=957 adapters=446
 compilation: enabled

Compilation events (10 events):
Event: 4.717 Thread 0x0000000058a7b800  956       3       java.util.HashSet::size (8 bytes)
Event: 4.717 Thread 0x0000000058a7b800 nmethod 956 0x0000000002b10150 code [0x0000000002b102a0, 0x0000000002b10490]
Event: 4.721 Thread 0x0000000058a73000 nmethod 954 0x0000000002b19d90 code [0x0000000002b19f00, 0x0000000002b1a648]
Event: 4.721 Thread 0x0000000058a73000  957   !   4       sun.font.TrueTypeFont::getTableBuffer (199 bytes)
Event: 4.731 Thread 0x0000000058a7b800  960   !   3       sun.font.TrueTypeFont::getAllFullNames (33 bytes)
Event: 4.731 Thread 0x0000000058a7b800 nmethod 960 0x0000000002b1e8d0 code [0x0000000002b1eaa0, 0x0000000002b1f1f8]
Event: 4.731 Thread 0x0000000058a7b800  962  s    3       sun.font.FontFamily::addLocaleNames (45 bytes)
Event: 4.731 Thread 0x0000000058a7b800 nmethod 962 0x0000000002b1db90 code [0x0000000002b1dd60, 0x0000000002b1e578]
Event: 4.731 Thread 0x0000000058a7b800  961   !   3       sun.font.TrueTypeFont::getAllFamilyNames (33 bytes)
Event: 4.732 Thread 0x0000000058a7b800 nmethod 961 0x0000000002b1cf10 code [0x0000000002b1d0e0, 0x0000000002b1d838]

GC Heap History (0 events):
No events

Deoptimization events (10 events):
Event: 0.736 Thread 0x0000000059801800 Uncommon trap: reason=unstable_if action=reinterpret pc=0x00000000029d1f64 method=java.util.Properties$LineReader.readLine()I @ 174
Event: 0.854 Thread 0x0000000059801800 Uncommon trap: reason=unstable_if action=reinterpret pc=0x00000000029e9f40 method=java.util.HashMap.getNode(ILjava/lang/Object;)Ljava/util/HashMap$Node; @ 84
Event: 0.854 Thread 0x0000000059801800 Uncommon trap: reason=unstable_if action=reinterpret pc=0x00000000029bdfdc method=java.util.HashMap.putVal(ILjava/lang/Object;Ljava/lang/Object;ZZ)Ljava/lang/Object; @ 109
Event: 1.035 Thread 0x0000000059801800 Uncommon trap: reason=unstable_if action=reinterpret pc=0x0000000002997600 method=java.lang.CharacterData.of(I)Ljava/lang/CharacterData; @ 4
Event: 1.871 Thread 0x0000000059801800 Uncommon trap: reason=class_check action=maybe_recompile pc=0x0000000002939f98 method=java.lang.String.equals(Ljava/lang/Object;)Z @ 8
Event: 1.871 Thread 0x0000000059801800 Uncommon trap: reason=class_check action=maybe_recompile pc=0x0000000002939f98 method=java.lang.String.equals(Ljava/lang/Object;)Z @ 8
Event: 1.871 Thread 0x0000000059801800 Uncommon trap: reason=class_check action=maybe_recompile pc=0x0000000002939f98 method=java.lang.String.equals(Ljava/lang/Object;)Z @ 8
Event: 1.871 Thread 0x0000000059801800 Uncommon trap: reason=class_check action=maybe_recompile pc=0x0000000002939f98 method=java.lang.String.equals(Ljava/lang/Object;)Z @ 8
Event: 4.709 Thread 0x0000000059801800 Uncommon trap: reason=unstable_if action=reinterpret pc=0x0000000002b0d3e4 method=java.lang.Character.isSurrogate(C)Z @ 3
Event: 4.709 Thread 0x0000000059801800 Uncommon trap: reason=unstable_if action=reinterpret pc=0x0000000002a914e0 method=java.lang.String.toLowerCase(Ljava/util/Locale;)Ljava/lang/String; @ 37

Internal exceptions (10 events):
Event: 0.382 Thread 0x000000000222f800 Exception <a 'java/lang/ClassNotFoundException': ToolBar> (0x00000000d611b920) thrown at [C:\re\workspace\8-2-build-windows-amd64-cygwin\jdk8u102\7268\hotspot\src\share\vm\classfile\systemDictionary.cpp, line 210]
Event: 0.382 Thread 0x000000000222f800 Exception <a 'java/lang/ClassNotFoundException': ToggleButton> (0x00000000d611bed0) thrown at [C:\re\workspace\8-2-build-windows-amd64-cygwin\jdk8u102\7268\hotspot\src\share\vm\classfile\systemDictionary.cpp, line 210]
Event: 0.382 Thread 0x000000000222f800 Exception <a 'java/lang/ClassNotFoundException': javax/swing/JToolBarSeparator> (0x00000000d611c330) thrown at [C:\re\workspace\8-2-build-windows-amd64-cygwin\jdk8u102\7268\hotspot\src\share\vm\classfile\systemDictionary.cpp, line 210]
Event: 0.382 Thread 0x000000000222f800 Exception <a 'java/lang/ClassNotFoundException': ToolBarSeparator> (0x00000000d611c7c8) thrown at [C:\re\workspace\8-2-build-windows-amd64-cygwin\jdk8u102\7268\hotspot\src\share\vm\classfile\systemDictionary.cpp, line 210]
Event: 0.382 Thread 0x000000000222f800 Exception <a 'java/lang/ClassNotFoundException': ToolTip> (0x00000000d611cf08) thrown at [C:\re\workspace\8-2-build-windows-amd64-cygwin\jdk8u102\7268\hotspot\src\share\vm\classfile\systemDictionary.cpp, line 210]
Event: 0.383 Thread 0x000000000222f800 Exception <a 'java/lang/ClassNotFoundException': Tree> (0x00000000d611db28) thrown at [C:\re\workspace\8-2-build-windows-amd64-cygwin\jdk8u102\7268\hotspot\src\share\vm\classfile\systemDictionary.cpp, line 210]
Event: 0.383 Thread 0x000000000222f800 Exception <a 'java/lang/ClassNotFoundException': Tree> (0x00000000d611e268) thrown at [C:\re\workspace\8-2-build-windows-amd64-cygwin\jdk8u102\7268\hotspot\src\share\vm\classfile\systemDictionary.cpp, line 210]
Event: 0.383 Thread 0x000000000222f800 Exception <a 'java/lang/ClassNotFoundException': javax/swing/JTreeCell> (0x00000000d611e5e8) thrown at [C:\re\workspace\8-2-build-windows-amd64-cygwin\jdk8u102\7268\hotspot\src\share\vm\classfile\systemDictionary.cpp, line 210]
Event: 0.383 Thread 0x000000000222f800 Exception <a 'java/lang/ClassNotFoundException': TreeCell> (0x00000000d611ea70) thrown at [C:\re\workspace\8-2-build-windows-amd64-cygwin\jdk8u102\7268\hotspot\src\share\vm\classfile\systemDictionary.cpp, line 210]
Event: 0.384 Thread 0x000000000222f800 Exception <a 'java/lang/ClassNotFoundException': RootPane> (0x00000000d611f4d0) thrown at [C:\re\workspace\8-2-build-windows-amd64-cygwin\jdk8u102\7268\hotspot\src\share\vm\classfile\systemDictionary.cpp, line 210]

Events (10 events):
Event: 4.230 Executing VM operation: EnableBiasedLocking
Event: 4.230 Executing VM operation: EnableBiasedLocking done
Event: 4.701 loading class java/util/concurrent/ConcurrentHashMap$ValueIterator
Event: 4.701 loading class java/util/concurrent/ConcurrentHashMap$ValueIterator done
Event: 4.709 Thread 0x0000000059801800 Uncommon trap: trap_request=0xffffff65 fr.pc=0x0000000002b0d3e4
Event: 4.709 Thread 0x0000000059801800 DEOPT PACKING pc=0x0000000002b0d3e4 sp=0x000000005af5bce0
Event: 4.709 Thread 0x0000000059801800 DEOPT UNPACKING pc=0x00000000027f582a sp=0x000000005af5bc08 mode 2
Event: 4.709 Thread 0x0000000059801800 Uncommon trap: trap_request=0xffffff65 fr.pc=0x0000000002a914e0
Event: 4.709 Thread 0x0000000059801800 DEOPT PACKING pc=0x0000000002a914e0 sp=0x000000005af5c1e0
Event: 4.709 Thread 0x0000000059801800 DEOPT UNPACKING pc=0x00000000027f582a sp=0x000000005af5c168 mode 2


Dynamic libraries:
0x000000013f9c0000 - 0x000000013f9f7000 	C:\Program Files\Java\jdk1.8.0_102\bin\java.exe
0x0000000077250000 - 0x00000000773fa000 	C:\Windows\SYSTEM32\ntdll.dll
0x0000000077130000 - 0x000000007724f000 	C:\Windows\system32\kernel32.dll
0x000007fefd280000 - 0x000007fefd2ea000 	C:\Windows\system32\KERNELBASE.dll
0x000007fefdba0000 - 0x000007fefdc7b000 	C:\Windows\system32\ADVAPI32.dll
0x000007fefe030000 - 0x000007fefe0cf000 	C:\Windows\system32\msvcrt.dll
0x000007fefd520000 - 0x000007fefd53f000 	C:\Windows\SYSTEM32\sechost.dll
0x000007feff430000 - 0x000007feff55d000 	C:\Windows\system32\RPCRT4.dll
0x0000000077030000 - 0x000000007712a000 	C:\Windows\system32\USER32.dll
0x000007fefd3a0000 - 0x000007fefd407000 	C:\Windows\system32\GDI32.dll
0x000007fefe3c0000 - 0x000007fefe3ce000 	C:\Windows\system32\LPK.dll
0x000007fefd750000 - 0x000007fefd81a000 	C:\Windows\system32\USP10.dll
0x000007fefb930000 - 0x000007fefbb24000 	C:\Windows\WinSxS\amd64_microsoft.windows.common-controls_6595b64144ccf1df_6.0.7601.18837_none_fa3b1e3d17594757\COMCTL32.dll
0x000007fefd850000 - 0x000007fefd8c1000 	C:\Windows\system32\SHLWAPI.dll
0x000007fefd820000 - 0x000007fefd84e000 	C:\Windows\system32\IMM32.DLL
0x000007fefd410000 - 0x000007fefd519000 	C:\Windows\system32\MSCTF.dll
0x00000000611f0000 - 0x00000000612c1000 	C:\Program Files\Java\jdk1.8.0_102\jre\bin\msvcr100.dll
0x0000000060190000 - 0x0000000060a2a000 	C:\Program Files\Java\jdk1.8.0_102\jre\bin\server\jvm.dll
0x000007fef96f0000 - 0x000007fef96f9000 	C:\Windows\system32\WSOCK32.dll
0x000007feff340000 - 0x000007feff38d000 	C:\Windows\system32\WS2_32.dll
0x000007fefdd20000 - 0x000007fefdd28000 	C:\Windows\system32\NSI.dll
0x000007fefa8b0000 - 0x000007fefa8eb000 	C:\Windows\system32\WINMM.dll
0x000007fefbfc0000 - 0x000007fefbfcc000 	C:\Windows\system32\VERSION.dll
0x0000000077410000 - 0x0000000077417000 	C:\Windows\system32\PSAPI.DLL
0x000000006f590000 - 0x000000006f59f000 	C:\Program Files\Java\jdk1.8.0_102\jre\bin\verify.dll
0x000000006ed10000 - 0x000000006ed39000 	C:\Program Files\Java\jdk1.8.0_102\jre\bin\java.dll
0x000000006ee60000 - 0x000000006ee76000 	C:\Program Files\Java\jdk1.8.0_102\jre\bin\zip.dll
0x000007fefe5b0000 - 0x000007feff33c000 	C:\Windows\system32\SHELL32.dll
0x000007fefd540000 - 0x000007fefd743000 	C:\Windows\system32\ole32.dll
0x000007fefcf80000 - 0x000007fefcf8f000 	C:\Windows\system32\profapi.dll
0x0000000061050000 - 0x00000000611e8000 	C:\Program Files\Java\jdk1.8.0_102\jre\bin\awt.dll
0x000007fefe260000 - 0x000007fefe33a000 	C:\Windows\system32\OLEAUT32.dll
0x000007fefb850000 - 0x000007fefb8a6000 	C:\Windows\system32\uxtheme.dll
0x000007fefb160000 - 0x000007fefb178000 	C:\Windows\system32\dwmapi.dll
0x000007fefce20000 - 0x000007fefce2f000 	C:\Windows\system32\CRYPTBASE.dll
0x0000000065ec0000 - 0x0000000065f07000 	C:\Program Files\Java\jdk1.8.0_102\jre\bin\fontmanager.dll
0x000000006eb00000 - 0x000000006eb1a000 	C:\Program Files\Java\jdk1.8.0_102\jre\bin\net.dll
0x000007fefc720000 - 0x000007fefc775000 	C:\Windows\system32\mswsock.dll
0x000007fefc710000 - 0x000007fefc717000 	C:\Windows\System32\wship6.dll
0x000007fefc090000 - 0x000007fefc097000 	C:\Windows\System32\wshtcpip.dll
0x000007fefc5a0000 - 0x000007fefc5fb000 	C:\Windows\system32\DNSAPI.dll
0x0000000071eb0000 - 0x0000000071ed6000 	C:\Program Files\Bonjour\mdnsNSP.dll
0x000007fefa480000 - 0x000007fefa4a7000 	C:\Windows\system32\Iphlpapi.DLL
0x000007fefa460000 - 0x000007fefa46b000 	C:\Windows\system32\WINNSI.DLL
0x0000000063560000 - 0x0000000063569000 	C:\Program Files\National Instruments\Shared\mDNS Responder\nimdnsNSP.dll
0x0000000063550000 - 0x000000006355e000 	C:\Windows\system32\nimdnsResponder.dll
0x0000000071ba0000 - 0x0000000071c43000 	C:\Windows\WinSxS\amd64_microsoft.vc90.crt_1fc8b3b9a1e18e3b_9.0.30729.6161_none_08e61857a83bc251\MSVCR90.dll
0x000007fef1100000 - 0x000007fef112f000 	C:\Program Files\Common Files\Microsoft Shared\Windows Live\WLIDNSP.DLL
0x000007fef10f0000 - 0x000007fef10f8000 	C:\Windows\system32\rasadhlp.dll
0x000007fefa320000 - 0x000007fefa373000 	C:\Windows\System32\fwpuclnt.dll
0x000000006e820000 - 0x000000006e831000 	C:\Program Files\Java\jdk1.8.0_102\jre\bin\nio.dll
0x0000000065e70000 - 0x0000000065eb2000 	C:\Program Files\Java\jdk1.8.0_102\jre\bin\t2k.dll

VM Arguments:
jvm_args: -Dfile.encoding=UTF-8 
java_command: ServerSide.ServerGUI
java_class_path (initial): H:\Software Design\Hyatt\mysql-connector-java-5.1.40-bin.jar;C:\Program Files\NetBeans 8.1\java\modules\ext\AbsoluteLayout.jar;H:\Software Design\Hyatt\build\classes
Launcher Type: SUN_STANDARD

Environment Variables:
PATH=C:\Program Files (x86)\NVIDIA Corporation\PhysX\Common;C:\Program Files\Common Files\Microsoft Shared\Windows Live;C:\Program Files (x86)\Common Files\Microsoft Shared\Windows Live;C:\ProgramData\Oracle\Java\javapath;C:\Windows\system32;C:\Windows;C:\Windows\System32\Wbem;C:\Windows\System32\WindowsPowerShell\v1.0\;C:\Program Files\MATLAB\R2016a\runtime\win64;C:\Program Files\MATLAB\R2016a\bin;C:\Program Files (x86)\Windows Live\Shared;C:\Program Files\IBM\SPSS\Statistics\24\JRE\bin;C:\Windows\system32\config\systemprofile\.dnx\bin;C:\Program Files\Microsoft DNX\Dnvm\;C:\Program Files (x86)\Windows Kits\8.1\Windows Performance Toolkit\;C:\Program Files\Microsoft SQL Server\130\Tools\Binn\;C:\Program Files\Common Files\Autodesk Shared\;C:\Program Files\Microsoft SQL Server\Client SDK\ODBC\110\Tools\Binn\;C:\Program Files (x86)\Microsoft SQL Server\120\Tools\Binn\;C:\Program Files\Microsoft SQL Server\120\Tools\Binn\;C:\Program Files\Microsoft SQL Server\120\DTS\Binn\;C:\Windows\System32\WindowsPowerShell\v1.0\;C:\Windows\System32\WindowsPowerShell\v1.0\
USERNAME=norman3
OS=Windows_NT
PROCESSOR_IDENTIFIER=Intel64 Family 6 Model 60 Stepping 3, GenuineIntel



---------------  S Y S T E M  ---------------

OS: Windows 7 , 64 bit Build 7601 (6.1.7601.23569)

CPU:total 4 (4 cores per cpu, 1 threads per core) family 6 model 60 stepping 3, cmov, cx8, fxsr, mmx, sse, sse2, sse3, ssse3, sse4.1, sse4.2, popcnt, avx, avx2, aes, clmul, erms, lzcnt, tsc, tscinvbit, bmi1, bmi2

Memory: 4k page, physical 8292708k(2665684k free), swap 33168972k(5260k free)

vm_info: Java HotSpot(TM) 64-Bit Server VM (25.102-b14) for windows-amd64 JRE (1.8.0_102-b14), built on Jun 22 2016 13:15:21 by "java_re" with MS VC++ 10.0 (VS2010)

time: Tue Dec 06 14:57:19 2016
elapsed time: 4 seconds (0d 0h 0m 4s)

