#
# There is insufficient memory for the Java Runtime Environment to continue.
# Native memory allocation (malloc) failed to allocate 32744 bytes for ChunkPool::allocate
# Possible reasons:
#   The system is out of physical RAM or swap space
#   In 32 bit mode, the process size limit was hit
# Possible solutions:
#   Reduce memory load on the system
#   Increase physical memory or swap space
#   Check if swap backing store is full
#   Use 64 bit Java on a 64 bit OS
#   Decrease Java heap size (-Xmx/-Xms)
#   Decrease number of Java threads
#   Decrease Java thread stack sizes (-Xss)
#   Set larger code cache with -XX:ReservedCodeCacheSize=
# This output file may be truncated or incomplete.
#
#  Out of Memory Error (allocation.cpp:273), pid=21392, tid=0x00000000000053e8
#
# JRE version: Java(TM) SE Runtime Environment (8.0_102-b14) (build 1.8.0_102-b14)
# Java VM: Java HotSpot(TM) 64-Bit Server VM (25.102-b14 mixed mode windows-amd64 compressed oops)
# Failed to write core dump. Minidumps are not enabled by default on client versions of Windows
#

---------------  T H R E A D  ---------------

Current thread (0x0000000057647800):  JavaThread "C2 CompilerThread0" daemon [_thread_in_native, id=21480, stack(0x0000000058de0000,0x0000000058ee0000)]

Stack: [0x0000000058de0000,0x0000000058ee0000]
[error occurred during error reporting (printing stack bounds), id 0xc0000005]

Native frames: (J=compiled Java code, j=interpreted, Vv=VM code, C=native code)


Current CompileTask:
C2:   6468  930       4       sun.font.TrueTypeFont::initNames (370 bytes)


---------------  P R O C E S S  ---------------

Java Threads: ( => current thread )
  0x0000000059cd8000 JavaThread "TimerQueue" daemon [_thread_blocked, id=20632, stack(0x000000005bcd0000,0x000000005bdd0000)]
  0x00000000592de800 JavaThread "Abandoned connection cleanup thread" daemon [_thread_blocked, id=20092, stack(0x000000005abc0000,0x000000005acc0000)]
  0x00000000003df800 JavaThread "DestroyJavaVM" [_thread_blocked, id=21436, stack(0x0000000002530000,0x0000000002630000)]
  0x0000000059969800 JavaThread "AWT-EventQueue-0" [_thread_in_native, id=20328, stack(0x000000005ad50000,0x000000005ae50000)]
  0x0000000059910800 JavaThread "AWT-Windows" daemon [_thread_in_native, id=19936, stack(0x000000005a1d0000,0x000000005a2d0000)]
  0x00000000592d0800 JavaThread "AWT-Shutdown" [_thread_blocked, id=20484, stack(0x000000005a2d0000,0x000000005a3d0000)]
  0x00000000592cf000 JavaThread "Java2D Disposer" daemon [_thread_blocked, id=21500, stack(0x0000000059370000,0x0000000059470000)]
  0x0000000058f5c000 JavaThread "Service Thread" daemon [_thread_blocked, id=21492, stack(0x00000000596c0000,0x00000000597c0000)]
  0x0000000058ee1000 JavaThread "C1 CompilerThread2" daemon [_thread_blocked, id=21488, stack(0x00000000594b0000,0x00000000595b0000)]
  0x000000005764f000 JavaThread "C2 CompilerThread1" daemon [_thread_blocked, id=21484, stack(0x0000000058b10000,0x0000000058c10000)]
=>0x0000000057647800 JavaThread "C2 CompilerThread0" daemon [_thread_in_native, id=21480, stack(0x0000000058de0000,0x0000000058ee0000)]
  0x0000000057644000 JavaThread "Attach Listener" daemon [_thread_blocked, id=21476, stack(0x0000000058c50000,0x0000000058d50000)]
  0x0000000057642800 JavaThread "Signal Dispatcher" daemon [_thread_blocked, id=21472, stack(0x0000000058960000,0x0000000058a60000)]
  0x0000000057629800 JavaThread "Finalizer" daemon [_thread_blocked, id=21468, stack(0x00000000587f0000,0x00000000588f0000)]
  0x00000000575e2800 JavaThread "Reference Handler" daemon [_thread_blocked, id=21464, stack(0x00000000586f0000,0x00000000587f0000)]

Other Threads:
  0x00000000575da800 VMThread [stack: 0x00000000585f0000,0x00000000586f0000] [id=21460]
  0x0000000058f8c800 WatcherThread [stack: 0x0000000059810000,0x0000000059910000] [id=21496]

VM state:not at safepoint (normal execution)

VM Mutex/Monitor currently owned by a thread: None

Heap:
 PSYoungGen      total 38400K, used 21441K [0x00000000d5d00000, 0x00000000d8780000, 0x0000000100000000)
  eden space 33280K, 64% used [0x00000000d5d00000,0x00000000d71f0588,0x00000000d7d80000)
  from space 5120K, 0% used [0x00000000d8280000,0x00000000d8280000,0x00000000d8780000)
  to   space 5120K, 0% used [0x00000000d7d80000,0x00000000d7d80000,0x00000000d8280000)
 ParOldGen       total 87552K, used 0K [0x0000000081600000, 0x0000000086b80000, 0x00000000d5d00000)
  object space 87552K, 0% used [0x0000000081600000,0x0000000081600000,0x0000000086b80000)
 Metaspace       used 14605K, capacity 14738K, committed 14976K, reserved 1062912K
  class space    used 1787K, capacity 1863K, committed 1920K, reserved 1048576K

Card table byte_map: [0x0000000011cc0000,0x00000000120c0000] byte_map_base: 0x00000000118b5000

Marking Bits: (ParMarkBitMap*) 0x00000000609aa6c0
 Begin Bits: [0x0000000012900000, 0x00000000148a8000)
 End Bits:   [0x00000000148a8000, 0x0000000016850000)

Polling page: 0x0000000000330000

CodeCache: size=245760Kb used=3420Kb max_used=3432Kb free=242339Kb
 bounds [0x0000000002900000, 0x0000000002c60000, 0x0000000011900000]
 total_blobs=1473 nmethods=940 adapters=446
 compilation: enabled

Compilation events (10 events):
Event: 6.426 Thread 0x0000000058ee1000 nmethod 938 0x0000000002c57d10 code [0x0000000002c57e80, 0x0000000002c58210]
Event: 6.426 Thread 0x0000000058ee1000  939       3       java.util.HashMap$KeySet::iterator (12 bytes)
Event: 6.426 Thread 0x0000000058ee1000 nmethod 939 0x0000000002c55910 code [0x0000000002c55a80, 0x0000000002c55ce8]
Event: 6.426 Thread 0x0000000058ee1000  940       3       java.util.HashMap$KeyIterator::<init> (11 bytes)
Event: 6.426 Thread 0x0000000058ee1000 nmethod 940 0x0000000002c57950 code [0x0000000002c57ac0, 0x0000000002c57c68]
Event: 6.427 Thread 0x0000000058ee1000  941       3       java.lang.String::toLowerCase (8 bytes)
Event: 6.427 Thread 0x0000000058ee1000 nmethod 941 0x0000000002c574d0 code [0x0000000002c57640, 0x0000000002c578a8]
Event: 6.427 Thread 0x0000000058ee1000  942       3       java.util.HashSet::iterator (13 bytes)
Event: 6.427 Thread 0x0000000058ee1000 nmethod 942 0x0000000002c56f90 code [0x0000000002c57100, 0x0000000002c573d8]
Event: 6.428 Thread 0x000000005764f000 nmethod 937 0x0000000002c5bfd0 code [0x0000000002c5c120, 0x0000000002c5c2f8]

GC Heap History (0 events):
No events

Deoptimization events (10 events):
Event: 0.665 Thread 0x0000000059969800 Uncommon trap: reason=unstable_if action=reinterpret pc=0x0000000002acc864 method=java.util.Properties$LineReader.readLine()I @ 252
Event: 0.673 Thread 0x0000000059969800 Uncommon trap: reason=bimorphic action=maybe_recompile pc=0x0000000002b0bdd0 method=java.util.HashMap.putVal(ILjava/lang/Object;Ljava/lang/Object;ZZ)Ljava/lang/Object; @ 152
Event: 0.674 Thread 0x0000000059969800 Uncommon trap: reason=unstable_if action=reinterpret pc=0x0000000002b1fed8 method=java.util.Properties$LineReader.readLine()I @ 174
Event: 0.778 Thread 0x0000000059969800 Uncommon trap: reason=unstable_if action=reinterpret pc=0x0000000002b37840 method=java.util.HashMap.getNode(ILjava/lang/Object;)Ljava/util/HashMap$Node; @ 84
Event: 0.778 Thread 0x0000000059969800 Uncommon trap: reason=unstable_if action=reinterpret pc=0x0000000002b0bd9c method=java.util.HashMap.putVal(ILjava/lang/Object;Ljava/lang/Object;ZZ)Ljava/lang/Object; @ 109
Event: 0.966 Thread 0x0000000059969800 Uncommon trap: reason=unstable_if action=reinterpret pc=0x0000000002ae4980 method=java.lang.CharacterData.of(I)Ljava/lang/CharacterData; @ 4
Event: 2.254 Thread 0x0000000059969800 Uncommon trap: reason=class_check action=maybe_recompile pc=0x0000000002a5820c method=java.lang.String.equals(Ljava/lang/Object;)Z @ 8
Event: 2.254 Thread 0x0000000059969800 Uncommon trap: reason=class_check action=maybe_recompile pc=0x0000000002a5820c method=java.lang.String.equals(Ljava/lang/Object;)Z @ 8
Event: 2.254 Thread 0x0000000059969800 Uncommon trap: reason=class_check action=maybe_recompile pc=0x0000000002a5820c method=java.lang.String.equals(Ljava/lang/Object;)Z @ 8
Event: 2.254 Thread 0x0000000059969800 Uncommon trap: reason=class_check action=maybe_recompile pc=0x0000000002a5820c method=java.lang.String.equals(Ljava/lang/Object;)Z @ 8

Internal exceptions (10 events):
Event: 0.461 Thread 0x00000000003df800 Exception <a 'java/lang/ClassNotFoundException': ToolBar> (0x00000000d611b8b8) thrown at [C:\re\workspace\8-2-build-windows-amd64-cygwin\jdk8u102\7268\hotspot\src\share\vm\classfile\systemDictionary.cpp, line 210]
Event: 0.461 Thread 0x00000000003df800 Exception <a 'java/lang/ClassNotFoundException': ToggleButton> (0x00000000d611be68) thrown at [C:\re\workspace\8-2-build-windows-amd64-cygwin\jdk8u102\7268\hotspot\src\share\vm\classfile\systemDictionary.cpp, line 210]
Event: 0.461 Thread 0x00000000003df800 Exception <a 'java/lang/ClassNotFoundException': javax/swing/JToolBarSeparator> (0x00000000d611c2c8) thrown at [C:\re\workspace\8-2-build-windows-amd64-cygwin\jdk8u102\7268\hotspot\src\share\vm\classfile\systemDictionary.cpp, line 210]
Event: 0.461 Thread 0x00000000003df800 Exception <a 'java/lang/ClassNotFoundException': ToolBarSeparator> (0x00000000d611c760) thrown at [C:\re\workspace\8-2-build-windows-amd64-cygwin\jdk8u102\7268\hotspot\src\share\vm\classfile\systemDictionary.cpp, line 210]
Event: 0.461 Thread 0x00000000003df800 Exception <a 'java/lang/ClassNotFoundException': ToolTip> (0x00000000d611cea0) thrown at [C:\re\workspace\8-2-build-windows-amd64-cygwin\jdk8u102\7268\hotspot\src\share\vm\classfile\systemDictionary.cpp, line 210]
Event: 0.462 Thread 0x00000000003df800 Exception <a 'java/lang/ClassNotFoundException': Tree> (0x00000000d611dac0) thrown at [C:\re\workspace\8-2-build-windows-amd64-cygwin\jdk8u102\7268\hotspot\src\share\vm\classfile\systemDictionary.cpp, line 210]
Event: 0.462 Thread 0x00000000003df800 Exception <a 'java/lang/ClassNotFoundException': Tree> (0x00000000d611e200) thrown at [C:\re\workspace\8-2-build-windows-amd64-cygwin\jdk8u102\7268\hotspot\src\share\vm\classfile\systemDictionary.cpp, line 210]
Event: 0.462 Thread 0x00000000003df800 Exception <a 'java/lang/ClassNotFoundException': javax/swing/JTreeCell> (0x00000000d611e580) thrown at [C:\re\workspace\8-2-build-windows-amd64-cygwin\jdk8u102\7268\hotspot\src\share\vm\classfile\systemDictionary.cpp, line 210]
Event: 0.462 Thread 0x00000000003df800 Exception <a 'java/lang/ClassNotFoundException': TreeCell> (0x00000000d611ea08) thrown at [C:\re\workspace\8-2-build-windows-amd64-cygwin\jdk8u102\7268\hotspot\src\share\vm\classfile\systemDictionary.cpp, line 210]
Event: 0.463 Thread 0x00000000003df800 Exception <a 'java/lang/ClassNotFoundException': RootPane> (0x00000000d611f468) thrown at [C:\re\workspace\8-2-build-windows-amd64-cygwin\jdk8u102\7268\hotspot\src\share\vm\classfile\systemDictionary.cpp, line 210]

Events (10 events):
Event: 2.254 Thread 0x0000000059969800 DEOPT UNPACKING pc=0x000000000294582a sp=0x000000005ae4b940 mode 2
Event: 2.254 Thread 0x0000000059969800 Uncommon trap: trap_request=0xffffffde fr.pc=0x0000000002a5820c
Event: 2.254 Thread 0x0000000059969800 DEOPT PACKING pc=0x0000000002a5820c sp=0x000000005ae4b9b0
Event: 2.254 Thread 0x0000000059969800 DEOPT UNPACKING pc=0x000000000294582a sp=0x000000005ae4b940 mode 2
Event: 2.261 loading class sun/font/SunFontManager$11
Event: 2.261 loading class sun/font/SunFontManager$11 done
Event: 4.238 Executing VM operation: EnableBiasedLocking
Event: 4.238 Executing VM operation: EnableBiasedLocking done
Event: 6.402 loading class java/util/concurrent/ConcurrentHashMap$ValueIterator
Event: 6.402 loading class java/util/concurrent/ConcurrentHashMap$ValueIterator done


Dynamic libraries:
0x000000013f9c0000 - 0x000000013f9f7000 	C:\Program Files\Java\jdk1.8.0_102\bin\java.exe
0x0000000077250000 - 0x00000000773fa000 	C:\Windows\SYSTEM32\ntdll.dll
0x0000000077130000 - 0x000000007724f000 	C:\Windows\system32\kernel32.dll
0x000007fefd280000 - 0x000007fefd2ea000 	C:\Windows\system32\KERNELBASE.dll
0x000007fefdba0000 - 0x000007fefdc7b000 	C:\Windows\system32\ADVAPI32.dll
0x000007fefe030000 - 0x000007fefe0cf000 	C:\Windows\system32\msvcrt.dll
0x000007fefd520000 - 0x000007fefd53f000 	C:\Windows\SYSTEM32\sechost.dll
0x000007feff430000 - 0x000007feff55d000 	C:\Windows\system32\RPCRT4.dll
0x0000000077030000 - 0x000000007712a000 	C:\Windows\system32\USER32.dll
0x000007fefd3a0000 - 0x000007fefd407000 	C:\Windows\system32\GDI32.dll
0x000007fefe3c0000 - 0x000007fefe3ce000 	C:\Windows\system32\LPK.dll
0x000007fefd750000 - 0x000007fefd81a000 	C:\Windows\system32\USP10.dll
0x000007fefb930000 - 0x000007fefbb24000 	C:\Windows\WinSxS\amd64_microsoft.windows.common-controls_6595b64144ccf1df_6.0.7601.18837_none_fa3b1e3d17594757\COMCTL32.dll
0x000007fefd850000 - 0x000007fefd8c1000 	C:\Windows\system32\SHLWAPI.dll
0x000007fefd820000 - 0x000007fefd84e000 	C:\Windows\system32\IMM32.DLL
0x000007fefd410000 - 0x000007fefd519000 	C:\Windows\system32\MSCTF.dll
0x00000000611f0000 - 0x00000000612c1000 	C:\Program Files\Java\jdk1.8.0_102\jre\bin\msvcr100.dll
0x0000000060190000 - 0x0000000060a2a000 	C:\Program Files\Java\jdk1.8.0_102\jre\bin\server\jvm.dll
0x000007fef96f0000 - 0x000007fef96f9000 	C:\Windows\system32\WSOCK32.dll
0x000007feff340000 - 0x000007feff38d000 	C:\Windows\system32\WS2_32.dll
0x000007fefdd20000 - 0x000007fefdd28000 	C:\Windows\system32\NSI.dll
0x000007fefa8b0000 - 0x000007fefa8eb000 	C:\Windows\system32\WINMM.dll
0x000007fefbfc0000 - 0x000007fefbfcc000 	C:\Windows\system32\VERSION.dll
0x0000000077410000 - 0x0000000077417000 	C:\Windows\system32\PSAPI.DLL
0x000000006f590000 - 0x000000006f59f000 	C:\Program Files\Java\jdk1.8.0_102\jre\bin\verify.dll
0x000000006ed10000 - 0x000000006ed39000 	C:\Program Files\Java\jdk1.8.0_102\jre\bin\java.dll
0x000000006ee60000 - 0x000000006ee76000 	C:\Program Files\Java\jdk1.8.0_102\jre\bin\zip.dll
0x000007fefe5b0000 - 0x000007feff33c000 	C:\Windows\system32\SHELL32.dll
0x000007fefd540000 - 0x000007fefd743000 	C:\Windows\system32\ole32.dll
0x000007fefcf80000 - 0x000007fefcf8f000 	C:\Windows\system32\profapi.dll
0x0000000061050000 - 0x00000000611e8000 	C:\Program Files\Java\jdk1.8.0_102\jre\bin\awt.dll
0x000007fefe260000 - 0x000007fefe33a000 	C:\Windows\system32\OLEAUT32.dll
0x000007fefb850000 - 0x000007fefb8a6000 	C:\Windows\system32\uxtheme.dll
0x000007fefb160000 - 0x000007fefb178000 	C:\Windows\system32\dwmapi.dll
0x000007fefce20000 - 0x000007fefce2f000 	C:\Windows\system32\CRYPTBASE.dll
0x0000000065ec0000 - 0x0000000065f07000 	C:\Program Files\Java\jdk1.8.0_102\jre\bin\fontmanager.dll
0x000000006eb00000 - 0x000000006eb1a000 	C:\Program Files\Java\jdk1.8.0_102\jre\bin\net.dll
0x000007fefc720000 - 0x000007fefc775000 	C:\Windows\system32\mswsock.dll
0x000007fefc710000 - 0x000007fefc717000 	C:\Windows\System32\wship6.dll
0x000007fefc090000 - 0x000007fefc097000 	C:\Windows\System32\wshtcpip.dll
0x000007fefc5a0000 - 0x000007fefc5fb000 	C:\Windows\system32\DNSAPI.dll
0x0000000071eb0000 - 0x0000000071ed6000 	C:\Program Files\Bonjour\mdnsNSP.dll
0x000007fefa480000 - 0x000007fefa4a7000 	C:\Windows\system32\Iphlpapi.DLL
0x000007fefa460000 - 0x000007fefa46b000 	C:\Windows\system32\WINNSI.DLL
0x0000000063560000 - 0x0000000063569000 	C:\Program Files\National Instruments\Shared\mDNS Responder\nimdnsNSP.dll
0x0000000063550000 - 0x000000006355e000 	C:\Windows\system32\nimdnsResponder.dll
0x0000000071ba0000 - 0x0000000071c43000 	C:\Windows\WinSxS\amd64_microsoft.vc90.crt_1fc8b3b9a1e18e3b_9.0.30729.6161_none_08e61857a83bc251\MSVCR90.dll
0x000007fef1100000 - 0x000007fef112f000 	C:\Program Files\Common Files\Microsoft Shared\Windows Live\WLIDNSP.DLL
0x000007fef10f0000 - 0x000007fef10f8000 	C:\Windows\system32\rasadhlp.dll
0x000007fefa320000 - 0x000007fefa373000 	C:\Windows\System32\fwpuclnt.dll
0x000000006e820000 - 0x000000006e831000 	C:\Program Files\Java\jdk1.8.0_102\jre\bin\nio.dll
0x0000000065e70000 - 0x0000000065eb2000 	C:\Program Files\Java\jdk1.8.0_102\jre\bin\t2k.dll

VM Arguments:
jvm_args: -Dfile.encoding=UTF-8 
java_command: ServerSide.ServerGUI
java_class_path (initial): H:\Software Design\Hyatt\mysql-connector-java-5.1.40-bin.jar;C:\Program Files\NetBeans 8.1\java\modules\ext\AbsoluteLayout.jar;H:\Software Design\Hyatt\build\classes
Launcher Type: SUN_STANDARD

Environment Variables:
PATH=C:\Program Files (x86)\NVIDIA Corporation\PhysX\Common;C:\Program Files\Common Files\Microsoft Shared\Windows Live;C:\Program Files (x86)\Common Files\Microsoft Shared\Windows Live;C:\ProgramData\Oracle\Java\javapath;C:\Windows\system32;C:\Windows;C:\Windows\System32\Wbem;C:\Windows\System32\WindowsPowerShell\v1.0\;C:\Program Files\MATLAB\R2016a\runtime\win64;C:\Program Files\MATLAB\R2016a\bin;C:\Program Files (x86)\Windows Live\Shared;C:\Program Files\IBM\SPSS\Statistics\24\JRE\bin;C:\Windows\system32\config\systemprofile\.dnx\bin;C:\Program Files\Microsoft DNX\Dnvm\;C:\Program Files (x86)\Windows Kits\8.1\Windows Performance Toolkit\;C:\Program Files\Microsoft SQL Server\130\Tools\Binn\;C:\Program Files\Common Files\Autodesk Shared\;C:\Program Files\Microsoft SQL Server\Client SDK\ODBC\110\Tools\Binn\;C:\Program Files (x86)\Microsoft SQL Server\120\Tools\Binn\;C:\Program Files\Microsoft SQL Server\120\Tools\Binn\;C:\Program Files\Microsoft SQL Server\120\DTS\Binn\;C:\Windows\System32\WindowsPowerShell\v1.0\;C:\Windows\System32\WindowsPowerShell\v1.0\
USERNAME=norman3
OS=Windows_NT
PROCESSOR_IDENTIFIER=Intel64 Family 6 Model 60 Stepping 3, GenuineIntel



---------------  S Y S T E M  ---------------

OS: Windows 7 , 64 bit Build 7601 (6.1.7601.23569)

CPU:total 4 (4 cores per cpu, 1 threads per core) family 6 model 60 stepping 3, cmov, cx8, fxsr, mmx, sse, sse2, sse3, ssse3, sse4.1, sse4.2, popcnt, avx, avx2, aes, clmul, erms, lzcnt, tsc, tscinvbit, bmi1, bmi2

Memory: 4k page, physical 8292708k(2639556k free), swap 33168972k(5096k free)

vm_info: Java HotSpot(TM) 64-Bit Server VM (25.102-b14) for windows-amd64 JRE (1.8.0_102-b14), built on Jun 22 2016 13:15:21 by "java_re" with MS VC++ 10.0 (VS2010)

time: Tue Dec 06 14:57:05 2016
elapsed time: 6 seconds (0d 0h 0m 6s)

