#
# There is insufficient memory for the Java Runtime Environment to continue.
# Native memory allocation (malloc) failed to allocate 616176 bytes for Chunk::new
# Possible reasons:
#   The system is out of physical RAM or swap space
#   In 32 bit mode, the process size limit was hit
# Possible solutions:
#   Reduce memory load on the system
#   Increase physical memory or swap space
#   Check if swap backing store is full
#   Use 64 bit Java on a 64 bit OS
#   Decrease Java heap size (-Xmx/-Xms)
#   Decrease number of Java threads
#   Decrease Java thread stack sizes (-Xss)
#   Set larger code cache with -XX:ReservedCodeCacheSize=
# This output file may be truncated or incomplete.
#
#  Out of Memory Error (allocation.cpp:390), pid=21196, tid=0x000000000000531c
#
# JRE version: Java(TM) SE Runtime Environment (8.0_102-b14) (build 1.8.0_102-b14)
# Java VM: Java HotSpot(TM) 64-Bit Server VM (25.102-b14 mixed mode windows-amd64 compressed oops)
# Failed to write core dump. Minidumps are not enabled by default on client versions of Windows
#

---------------  T H R E A D  ---------------

Current thread (0x000000005890a800):  JavaThread "C2 CompilerThread1" daemon [_thread_in_native, id=21276, stack(0x0000000059160000,0x0000000059260000)]

Stack: [0x0000000059160000,0x0000000059260000]
[error occurred during error reporting (printing stack bounds), id 0xc0000005]

Native frames: (J=compiled Java code, j=interpreted, Vv=VM code, C=native code)


Current CompileTask:
C2:   5605  936       4       sun.font.TrueTypeFont::initNames (370 bytes)


---------------  P R O C E S S  ---------------

Java Threads: ( => current thread )
  0x0000000059b10000 JavaThread "TimerQueue" daemon [_thread_blocked, id=21324, stack(0x000000005bb30000,0x000000005bc30000)]
  0x000000005982a800 JavaThread "Abandoned connection cleanup thread" daemon [_thread_blocked, id=21308, stack(0x000000005af30000,0x000000005b030000)]
  0x0000000001caf800 JavaThread "DestroyJavaVM" [_thread_blocked, id=21232, stack(0x00000000024c0000,0x00000000025c0000)]
  0x00000000597d2800 JavaThread "AWT-EventQueue-0" [_thread_in_native, id=21304, stack(0x000000005ad70000,0x000000005ae70000)]
  0x0000000059778800 JavaThread "AWT-Windows" daemon [_thread_in_native, id=21300, stack(0x000000005a180000,0x000000005a280000)]
  0x0000000059775800 JavaThread "AWT-Shutdown" [_thread_blocked, id=21296, stack(0x0000000059fd0000,0x000000005a0d0000)]
  0x0000000059774000 JavaThread "Java2D Disposer" daemon [_thread_blocked, id=21292, stack(0x0000000059530000,0x0000000059630000)]
  0x000000005897e800 JavaThread "Service Thread" daemon [_thread_blocked, id=21284, stack(0x0000000059410000,0x0000000059510000)]
  0x000000005890b800 JavaThread "C1 CompilerThread2" daemon [_thread_blocked, id=21280, stack(0x0000000059000000,0x0000000059100000)]
=>0x000000005890a800 JavaThread "C2 CompilerThread1" daemon [_thread_in_native, id=21276, stack(0x0000000059160000,0x0000000059260000)]
  0x0000000058903000 JavaThread "C2 CompilerThread0" daemon [_thread_blocked, id=21272, stack(0x0000000058e70000,0x0000000058f70000)]
  0x0000000058900800 JavaThread "Attach Listener" daemon [_thread_blocked, id=21268, stack(0x0000000058700000,0x0000000058800000)]
  0x0000000057535800 JavaThread "Signal Dispatcher" daemon [_thread_blocked, id=21264, stack(0x0000000058d20000,0x0000000058e20000)]
  0x000000005751c800 JavaThread "Finalizer" daemon [_thread_blocked, id=21260, stack(0x0000000058430000,0x0000000058530000)]
  0x00000000574d5800 JavaThread "Reference Handler" daemon [_thread_blocked, id=21256, stack(0x0000000058800000,0x0000000058900000)]

Other Threads:
  0x00000000574ce800 VMThread [stack: 0x0000000058600000,0x0000000058700000] [id=21252]
  0x000000005893f800 WatcherThread [stack: 0x0000000059640000,0x0000000059740000] [id=21288]

VM state:not at safepoint (normal execution)

VM Mutex/Monitor currently owned by a thread: None

Heap:
 PSYoungGen      total 38400K, used 21441K [0x00000000d5d00000, 0x00000000d8780000, 0x0000000100000000)
  eden space 33280K, 64% used [0x00000000d5d00000,0x00000000d71f0630,0x00000000d7d80000)
  from space 5120K, 0% used [0x00000000d8280000,0x00000000d8280000,0x00000000d8780000)
  to   space 5120K, 0% used [0x00000000d7d80000,0x00000000d7d80000,0x00000000d8280000)
 ParOldGen       total 87552K, used 0K [0x0000000081600000, 0x0000000086b80000, 0x00000000d5d00000)
  object space 87552K, 0% used [0x0000000081600000,0x0000000081600000,0x0000000086b80000)
 Metaspace       used 14587K, capacity 14726K, committed 14976K, reserved 1062912K
  class space    used 1786K, capacity 1863K, committed 1920K, reserved 1048576K

Card table byte_map: [0x0000000011c50000,0x0000000012050000] byte_map_base: 0x0000000011845000

Marking Bits: (ParMarkBitMap*) 0x00000000609aa6c0
 Begin Bits: [0x00000000127f0000, 0x0000000014798000)
 End Bits:   [0x0000000014798000, 0x0000000016740000)

Polling page: 0x0000000001c60000

CodeCache: size=245760Kb used=3426Kb max_used=3437Kb free=242333Kb
 bounds [0x0000000002890000, 0x0000000002bf0000, 0x0000000011890000]
 total_blobs=1467 nmethods=934 adapters=446
 compilation: enabled

Compilation events (10 events):
Event: 3.899 Thread 0x000000005890b800 nmethod 931 0x0000000002be5990 code [0x0000000002be5ba0, 0x0000000002be65e8]
Event: 3.906 Thread 0x000000005890a800  932   !   4       sun.nio.cs.UnicodeDecoder::decodeLoop (326 bytes)
Event: 3.918 Thread 0x000000005890a800 nmethod 932 0x0000000002beb4d0 code [0x0000000002beb640, 0x0000000002bebb38]
Event: 4.080 Thread 0x000000005890b800  933       3       sun.font.FontFamily::<init> (45 bytes)
Event: 4.081 Thread 0x000000005890b800 nmethod 933 0x0000000002bead90 code [0x0000000002beaf20, 0x0000000002beb318]
Event: 4.085 Thread 0x000000005890b800  934       1       sun.nio.cs.UnicodeDecoder::implReset (9 bytes)
Event: 4.086 Thread 0x000000005890b800 nmethod 934 0x0000000002be2690 code [0x0000000002be27e0, 0x0000000002be28f0]
Event: 5.258 Thread 0x0000000058903000  935       4       java.nio.ByteBuffer::<init> (45 bytes)
Event: 5.263 Thread 0x0000000058903000 nmethod 935 0x0000000002be9250 code [0x0000000002be93a0, 0x0000000002be95b8]
Event: 5.490 Thread 0x000000005890a800  936       4       sun.font.TrueTypeFont::initNames (370 bytes)

GC Heap History (0 events):
No events

Deoptimization events (10 events):
Event: 0.773 Thread 0x00000000597d2800 Uncommon trap: reason=unstable_if action=reinterpret pc=0x0000000002a70d30 method=java.util.Properties$LineReader.readLine()I @ 252
Event: 0.782 Thread 0x00000000597d2800 Uncommon trap: reason=bimorphic action=maybe_recompile pc=0x0000000002aa08d0 method=java.util.HashMap.putVal(ILjava/lang/Object;Ljava/lang/Object;ZZ)Ljava/lang/Object; @ 152
Event: 0.783 Thread 0x00000000597d2800 Uncommon trap: reason=unstable_if action=reinterpret pc=0x0000000002ab4690 method=java.util.Properties$LineReader.readLine()I @ 174
Event: 0.888 Thread 0x00000000597d2800 Uncommon trap: reason=unstable_if action=reinterpret pc=0x0000000002acd540 method=java.util.HashMap.getNode(ILjava/lang/Object;)Ljava/util/HashMap$Node; @ 84
Event: 0.888 Thread 0x00000000597d2800 Uncommon trap: reason=unstable_if action=reinterpret pc=0x0000000002aa089c method=java.util.HashMap.putVal(ILjava/lang/Object;Ljava/lang/Object;ZZ)Ljava/lang/Object; @ 109
Event: 1.072 Thread 0x00000000597d2800 Uncommon trap: reason=unstable_if action=reinterpret pc=0x0000000002a7a180 method=java.lang.CharacterData.of(I)Ljava/lang/CharacterData; @ 4
Event: 2.059 Thread 0x00000000597d2800 Uncommon trap: reason=class_check action=maybe_recompile pc=0x0000000002a1aed8 method=java.lang.String.equals(Ljava/lang/Object;)Z @ 8
Event: 2.059 Thread 0x00000000597d2800 Uncommon trap: reason=class_check action=maybe_recompile pc=0x0000000002a1aed8 method=java.lang.String.equals(Ljava/lang/Object;)Z @ 8
Event: 2.059 Thread 0x00000000597d2800 Uncommon trap: reason=class_check action=maybe_recompile pc=0x0000000002a1aed8 method=java.lang.String.equals(Ljava/lang/Object;)Z @ 8
Event: 2.059 Thread 0x00000000597d2800 Uncommon trap: reason=class_check action=maybe_recompile pc=0x0000000002a1aed8 method=java.lang.String.equals(Ljava/lang/Object;)Z @ 8

Internal exceptions (10 events):
Event: 0.461 Thread 0x0000000001caf800 Exception <a 'java/lang/ClassNotFoundException': ToolBar> (0x00000000d611b920) thrown at [C:\re\workspace\8-2-build-windows-amd64-cygwin\jdk8u102\7268\hotspot\src\share\vm\classfile\systemDictionary.cpp, line 210]
Event: 0.461 Thread 0x0000000001caf800 Exception <a 'java/lang/ClassNotFoundException': ToggleButton> (0x00000000d611bed0) thrown at [C:\re\workspace\8-2-build-windows-amd64-cygwin\jdk8u102\7268\hotspot\src\share\vm\classfile\systemDictionary.cpp, line 210]
Event: 0.461 Thread 0x0000000001caf800 Exception <a 'java/lang/ClassNotFoundException': javax/swing/JToolBarSeparator> (0x00000000d611c330) thrown at [C:\re\workspace\8-2-build-windows-amd64-cygwin\jdk8u102\7268\hotspot\src\share\vm\classfile\systemDictionary.cpp, line 210]
Event: 0.461 Thread 0x0000000001caf800 Exception <a 'java/lang/ClassNotFoundException': ToolBarSeparator> (0x00000000d611c7c8) thrown at [C:\re\workspace\8-2-build-windows-amd64-cygwin\jdk8u102\7268\hotspot\src\share\vm\classfile\systemDictionary.cpp, line 210]
Event: 0.461 Thread 0x0000000001caf800 Exception <a 'java/lang/ClassNotFoundException': ToolTip> (0x00000000d611cf08) thrown at [C:\re\workspace\8-2-build-windows-amd64-cygwin\jdk8u102\7268\hotspot\src\share\vm\classfile\systemDictionary.cpp, line 210]
Event: 0.462 Thread 0x0000000001caf800 Exception <a 'java/lang/ClassNotFoundException': Tree> (0x00000000d611db28) thrown at [C:\re\workspace\8-2-build-windows-amd64-cygwin\jdk8u102\7268\hotspot\src\share\vm\classfile\systemDictionary.cpp, line 210]
Event: 0.462 Thread 0x0000000001caf800 Exception <a 'java/lang/ClassNotFoundException': Tree> (0x00000000d611e268) thrown at [C:\re\workspace\8-2-build-windows-amd64-cygwin\jdk8u102\7268\hotspot\src\share\vm\classfile\systemDictionary.cpp, line 210]
Event: 0.462 Thread 0x0000000001caf800 Exception <a 'java/lang/ClassNotFoundException': javax/swing/JTreeCell> (0x00000000d611e5e8) thrown at [C:\re\workspace\8-2-build-windows-amd64-cygwin\jdk8u102\7268\hotspot\src\share\vm\classfile\systemDictionary.cpp, line 210]
Event: 0.462 Thread 0x0000000001caf800 Exception <a 'java/lang/ClassNotFoundException': TreeCell> (0x00000000d611ea70) thrown at [C:\re\workspace\8-2-build-windows-amd64-cygwin\jdk8u102\7268\hotspot\src\share\vm\classfile\systemDictionary.cpp, line 210]
Event: 0.462 Thread 0x0000000001caf800 Exception <a 'java/lang/ClassNotFoundException': RootPane> (0x00000000d611f4d0) thrown at [C:\re\workspace\8-2-build-windows-amd64-cygwin\jdk8u102\7268\hotspot\src\share\vm\classfile\systemDictionary.cpp, line 210]

Events (10 events):
Event: 2.059 Thread 0x00000000597d2800 Uncommon trap: trap_request=0xffffffde fr.pc=0x0000000002a1aed8
Event: 2.059 Thread 0x00000000597d2800 DEOPT PACKING pc=0x0000000002a1aed8 sp=0x000000005ae6b3d0
Event: 2.059 Thread 0x00000000597d2800 DEOPT UNPACKING pc=0x00000000028d582a sp=0x000000005ae6b360 mode 2
Event: 2.059 Thread 0x00000000597d2800 Uncommon trap: trap_request=0xffffffde fr.pc=0x0000000002a1aed8
Event: 2.059 Thread 0x00000000597d2800 DEOPT PACKING pc=0x0000000002a1aed8 sp=0x000000005ae6b3d0
Event: 2.059 Thread 0x00000000597d2800 DEOPT UNPACKING pc=0x00000000028d582a sp=0x000000005ae6b360 mode 2
Event: 2.063 loading class sun/font/SunFontManager$11
Event: 2.063 loading class sun/font/SunFontManager$11 done
Event: 4.268 Executing VM operation: EnableBiasedLocking
Event: 4.268 Executing VM operation: EnableBiasedLocking done


Dynamic libraries:
0x000000013f9c0000 - 0x000000013f9f7000 	C:\Program Files\Java\jdk1.8.0_102\bin\java.exe
0x0000000077250000 - 0x00000000773fa000 	C:\Windows\SYSTEM32\ntdll.dll
0x0000000077130000 - 0x000000007724f000 	C:\Windows\system32\kernel32.dll
0x000007fefd280000 - 0x000007fefd2ea000 	C:\Windows\system32\KERNELBASE.dll
0x000007fefdba0000 - 0x000007fefdc7b000 	C:\Windows\system32\ADVAPI32.dll
0x000007fefe030000 - 0x000007fefe0cf000 	C:\Windows\system32\msvcrt.dll
0x000007fefd520000 - 0x000007fefd53f000 	C:\Windows\SYSTEM32\sechost.dll
0x000007feff430000 - 0x000007feff55d000 	C:\Windows\system32\RPCRT4.dll
0x0000000077030000 - 0x000000007712a000 	C:\Windows\system32\USER32.dll
0x000007fefd3a0000 - 0x000007fefd407000 	C:\Windows\system32\GDI32.dll
0x000007fefe3c0000 - 0x000007fefe3ce000 	C:\Windows\system32\LPK.dll
0x000007fefd750000 - 0x000007fefd81a000 	C:\Windows\system32\USP10.dll
0x000007fefb930000 - 0x000007fefbb24000 	C:\Windows\WinSxS\amd64_microsoft.windows.common-controls_6595b64144ccf1df_6.0.7601.18837_none_fa3b1e3d17594757\COMCTL32.dll
0x000007fefd850000 - 0x000007fefd8c1000 	C:\Windows\system32\SHLWAPI.dll
0x000007fefd820000 - 0x000007fefd84e000 	C:\Windows\system32\IMM32.DLL
0x000007fefd410000 - 0x000007fefd519000 	C:\Windows\system32\MSCTF.dll
0x00000000611f0000 - 0x00000000612c1000 	C:\Program Files\Java\jdk1.8.0_102\jre\bin\msvcr100.dll
0x0000000060190000 - 0x0000000060a2a000 	C:\Program Files\Java\jdk1.8.0_102\jre\bin\server\jvm.dll
0x000007fef96f0000 - 0x000007fef96f9000 	C:\Windows\system32\WSOCK32.dll
0x000007feff340000 - 0x000007feff38d000 	C:\Windows\system32\WS2_32.dll
0x000007fefdd20000 - 0x000007fefdd28000 	C:\Windows\system32\NSI.dll
0x000007fefa8b0000 - 0x000007fefa8eb000 	C:\Windows\system32\WINMM.dll
0x000007fefbfc0000 - 0x000007fefbfcc000 	C:\Windows\system32\VERSION.dll
0x0000000077410000 - 0x0000000077417000 	C:\Windows\system32\PSAPI.DLL
0x000000006f590000 - 0x000000006f59f000 	C:\Program Files\Java\jdk1.8.0_102\jre\bin\verify.dll
0x000000006ed10000 - 0x000000006ed39000 	C:\Program Files\Java\jdk1.8.0_102\jre\bin\java.dll
0x000000006ee60000 - 0x000000006ee76000 	C:\Program Files\Java\jdk1.8.0_102\jre\bin\zip.dll
0x000007fefe5b0000 - 0x000007feff33c000 	C:\Windows\system32\SHELL32.dll
0x000007fefd540000 - 0x000007fefd743000 	C:\Windows\system32\ole32.dll
0x000007fefcf80000 - 0x000007fefcf8f000 	C:\Windows\system32\profapi.dll
0x0000000061050000 - 0x00000000611e8000 	C:\Program Files\Java\jdk1.8.0_102\jre\bin\awt.dll
0x000007fefe260000 - 0x000007fefe33a000 	C:\Windows\system32\OLEAUT32.dll
0x000007fefb850000 - 0x000007fefb8a6000 	C:\Windows\system32\uxtheme.dll
0x000007fefb160000 - 0x000007fefb178000 	C:\Windows\system32\dwmapi.dll
0x000007fefce20000 - 0x000007fefce2f000 	C:\Windows\system32\CRYPTBASE.dll
0x0000000065ec0000 - 0x0000000065f07000 	C:\Program Files\Java\jdk1.8.0_102\jre\bin\fontmanager.dll
0x000000006eb00000 - 0x000000006eb1a000 	C:\Program Files\Java\jdk1.8.0_102\jre\bin\net.dll
0x000007fefc720000 - 0x000007fefc775000 	C:\Windows\system32\mswsock.dll
0x000007fefc710000 - 0x000007fefc717000 	C:\Windows\System32\wship6.dll
0x000007fefc090000 - 0x000007fefc097000 	C:\Windows\System32\wshtcpip.dll
0x000007fefc5a0000 - 0x000007fefc5fb000 	C:\Windows\system32\DNSAPI.dll
0x0000000071eb0000 - 0x0000000071ed6000 	C:\Program Files\Bonjour\mdnsNSP.dll
0x000007fefa480000 - 0x000007fefa4a7000 	C:\Windows\system32\Iphlpapi.DLL
0x000007fefa460000 - 0x000007fefa46b000 	C:\Windows\system32\WINNSI.DLL
0x0000000063560000 - 0x0000000063569000 	C:\Program Files\National Instruments\Shared\mDNS Responder\nimdnsNSP.dll
0x0000000063550000 - 0x000000006355e000 	C:\Windows\system32\nimdnsResponder.dll
0x0000000071ba0000 - 0x0000000071c43000 	C:\Windows\WinSxS\amd64_microsoft.vc90.crt_1fc8b3b9a1e18e3b_9.0.30729.6161_none_08e61857a83bc251\MSVCR90.dll
0x000007fef1100000 - 0x000007fef112f000 	C:\Program Files\Common Files\Microsoft Shared\Windows Live\WLIDNSP.DLL
0x000007fef10f0000 - 0x000007fef10f8000 	C:\Windows\system32\rasadhlp.dll
0x000007fefa320000 - 0x000007fefa373000 	C:\Windows\System32\fwpuclnt.dll
0x000000006e820000 - 0x000000006e831000 	C:\Program Files\Java\jdk1.8.0_102\jre\bin\nio.dll
0x0000000065e70000 - 0x0000000065eb2000 	C:\Program Files\Java\jdk1.8.0_102\jre\bin\t2k.dll

VM Arguments:
jvm_args: -Dfile.encoding=UTF-8 
java_command: ServerSide.ServerGUI
java_class_path (initial): H:\Software Design\Hyatt\mysql-connector-java-5.1.40-bin.jar;C:\Program Files\NetBeans 8.1\java\modules\ext\AbsoluteLayout.jar;H:\Software Design\Hyatt\build\classes
Launcher Type: SUN_STANDARD

Environment Variables:
PATH=C:\Program Files (x86)\NVIDIA Corporation\PhysX\Common;C:\Program Files\Common Files\Microsoft Shared\Windows Live;C:\Program Files (x86)\Common Files\Microsoft Shared\Windows Live;C:\ProgramData\Oracle\Java\javapath;C:\Windows\system32;C:\Windows;C:\Windows\System32\Wbem;C:\Windows\System32\WindowsPowerShell\v1.0\;C:\Program Files\MATLAB\R2016a\runtime\win64;C:\Program Files\MATLAB\R2016a\bin;C:\Program Files (x86)\Windows Live\Shared;C:\Program Files\IBM\SPSS\Statistics\24\JRE\bin;C:\Windows\system32\config\systemprofile\.dnx\bin;C:\Program Files\Microsoft DNX\Dnvm\;C:\Program Files (x86)\Windows Kits\8.1\Windows Performance Toolkit\;C:\Program Files\Microsoft SQL Server\130\Tools\Binn\;C:\Program Files\Common Files\Autodesk Shared\;C:\Program Files\Microsoft SQL Server\Client SDK\ODBC\110\Tools\Binn\;C:\Program Files (x86)\Microsoft SQL Server\120\Tools\Binn\;C:\Program Files\Microsoft SQL Server\120\Tools\Binn\;C:\Program Files\Microsoft SQL Server\120\DTS\Binn\;C:\Windows\System32\WindowsPowerShell\v1.0\;C:\Windows\System32\WindowsPowerShell\v1.0\
USERNAME=norman3
OS=Windows_NT
PROCESSOR_IDENTIFIER=Intel64 Family 6 Model 60 Stepping 3, GenuineIntel



---------------  S Y S T E M  ---------------

OS: Windows 7 , 64 bit Build 7601 (6.1.7601.23569)

CPU:total 4 (4 cores per cpu, 1 threads per core) family 6 model 60 stepping 3, cmov, cx8, fxsr, mmx, sse, sse2, sse3, ssse3, sse4.1, sse4.2, popcnt, avx, avx2, aes, clmul, erms, lzcnt, tsc, tscinvbit, bmi1, bmi2

Memory: 4k page, physical 8292708k(2571304k free), swap 33168972k(5372k free)

vm_info: Java HotSpot(TM) 64-Bit Server VM (25.102-b14) for windows-amd64 JRE (1.8.0_102-b14), built on Jun 22 2016 13:15:21 by "java_re" with MS VC++ 10.0 (VS2010)

time: Tue Dec 06 14:56:50 2016
elapsed time: 5 seconds (0d 0h 0m 5s)

